<?xml version="1.0" encoding="UTF-8"?>
<!-- Generated by org.testng.reporters.JUnitReportReporter -->
<testsuite hostname="LAPTOP-28BM3ARG" failures="0" tests="5" name="stepDefinition.DataProvider_1" time="2.338" errors="0" timestamp="2022-02-06T23:26:20 IST" skipped="0">
  <testcase classname="stepDefinition.DataProvider_1" name="api_for_testing_post_method_with_data_provider" time="0.003"/>
  <system-out/>
  <testcase classname="stepDefinition.DataProvider_1" name="posted_with_data_provider" time="1.550"/>
  <system-out/>
  <testcase classname="stepDefinition.DataProvider_1" name="validate_response_code" time="0.002"/>
  <system-out/>
  <testcase classname="stepDefinition.DataProvider_1" name="api_for_testing_post_method_with_data_provider" time="0.780"/>
  <system-out/>
  <testcase classname="stepDefinition.DataProvider_1" name="api_for_testing_post_method_with_data_provider" time="0.003"/>
  <system-out/>
</testsuite> <!-- stepDefinition.DataProvider_1 -->
